#-----------------------------------------------------------
# Vivado v2019.1 (64-bit)
# SW Build 2552052 on Fri May 24 14:49:42 MDT 2019
# IP Build 2548770 on Fri May 24 18:01:18 MDT 2019
# Start of session at: Wed Nov  3 01:10:51 2021
# Process ID: 6308
# Current directory: C:/Users/Lucas/OneDrive/21ieee-lucas/FPGA - Xilinx/HPPSO/HPPSO_v6 - Sphere/HPPSO_v6
# Command line: vivado.exe -gui_launcher_event rodinguilauncherevent12912 C:\Users\Lucas\OneDrive\21ieee-lucas\FPGA - Xilinx\HPPSO\HPPSO_v6 - Sphere\HPPSO_v6\HPPSO_v6.xpr
# Log file: C:/Users/Lucas/OneDrive/21ieee-lucas/FPGA - Xilinx/HPPSO/HPPSO_v6 - Sphere/HPPSO_v6/vivado.log
# Journal file: C:/Users/Lucas/OneDrive/21ieee-lucas/FPGA - Xilinx/HPPSO/HPPSO_v6 - Sphere/HPPSO_v6\vivado.jou
#-----------------------------------------------------------
start_gui
open_project {C:/Users/Lucas/OneDrive/21ieee-lucas/FPGA - Xilinx/HPPSO/HPPSO_v6 - Sphere/HPPSO_v6/HPPSO_v6.xpr}
INFO: [ProjectBase 1-489] The host OS only allows 260 characters in a normal path. The project is stored in a path with more than 80 characters. If you experience issues with IP, Block Designs, or files not being found, please consider moving the project to a location with a shorter path. Alternately consider using the OS subst command to map part of the path to a drive letter.
Current project path is 'C:/Users/Lucas/OneDrive/21ieee-lucas/FPGA - Xilinx/HPPSO/HPPSO_v6 - Sphere/HPPSO_v6'
INFO: [Project 1-313] Project file moved from 'C:/Users/Lucas/OneDrive/21ieee-lucas/FPGA - Xilinx/HPPSO/HPPSO_v6 - Sphere' since last save.
Scanning sources...
Finished scanning sources
INFO: [IP_Flow 19-234] Refreshing IP repositories
INFO: [IP_Flow 19-1704] No user IP repositories specified
INFO: [IP_Flow 19-2313] Loaded Vivado IP repository 'C:/Xilinx/Vivado/2019.1/data/ip'.
open_project: Time (s): cpu = 00:00:16 ; elapsed = 00:00:07 . Memory (MB): peak = 839.477 ; gain = 151.328
file mkdir C:/Users/Lucas/OneDrive/21ieee-lucas/FPGA - Xilinx/HPPSO/HPPSO_v6 - Sphere/HPPSO_v6/HPPSO_v6.srcs/sources_1/new
file mkdir C:/Users/Lucas/OneDrive/21ieee-lucas/FPGA - Xilinx/HPPSO/HPPSO_v6 - Sphere/HPPSO_v6/HPPSO_v6.srcs/sources_1/new
file mkdir C:/Users/Lucas/OneDrive/21ieee-lucas/FPGA - Xilinx/HPPSO/HPPSO_v6 - Sphere/HPPSO_v6/HPPSO_v6.srcs/sources_1/new
file mkdir C:/Users/Lucas/OneDrive/21ieee-lucas/FPGA - Xilinx/HPPSO/HPPSO_v6 - Sphere/HPPSO_v6/HPPSO_v6.srcs/sources_1/new
file mkdir C:/Users/Lucas/OneDrive/21ieee-lucas/FPGA - Xilinx/HPPSO/HPPSO_v6 - Sphere/HPPSO_v6/HPPSO_v6.srcs/sources_1/new
file mkdir C:/Users/Lucas/OneDrive/21ieee-lucas/FPGA - Xilinx/HPPSO/HPPSO_v6 - Sphere/HPPSO_v6/HPPSO_v6.srcs/sources_1/new
file mkdir {C:/Users/Lucas/OneDrive/21ieee-lucas/FPGA - Xilinx/HPPSO/HPPSO_v6 - Sphere/HPPSO_v6/HPPSO_v6.srcs/sources_1/new}
close [ open {C:/Users/Lucas/OneDrive/21ieee-lucas/FPGA - Xilinx/HPPSO/HPPSO_v6 - Sphere/HPPSO_v6/HPPSO_v6.srcs/sources_1/new/addsubfsm_v6.vhd} w ]
add_files {{C:/Users/Lucas/OneDrive/21ieee-lucas/FPGA - Xilinx/HPPSO/HPPSO_v6 - Sphere/HPPSO_v6/HPPSO_v6.srcs/sources_1/new/addsubfsm_v6.vhd}}
update_compile_order -fileset sources_1
close [ open {C:/Users/Lucas/OneDrive/21ieee-lucas/FPGA - Xilinx/HPPSO/HPPSO_v6 - Sphere/HPPSO_v6/HPPSO_v6.srcs/sources_1/new/fpupack.vhd} w ]
add_files {{C:/Users/Lucas/OneDrive/21ieee-lucas/FPGA - Xilinx/HPPSO/HPPSO_v6 - Sphere/HPPSO_v6/HPPSO_v6.srcs/sources_1/new/fpupack.vhd}}
update_compile_order -fileset sources_1
update_compile_order -fileset sources_1
close [ open {C:/Users/Lucas/OneDrive/21ieee-lucas/FPGA - Xilinx/HPPSO/HPPSO_v6 - Sphere/HPPSO_v6/HPPSO_v6.srcs/sources_1/new/compare_social.vhd} w ]
add_files {{C:/Users/Lucas/OneDrive/21ieee-lucas/FPGA - Xilinx/HPPSO/HPPSO_v6 - Sphere/HPPSO_v6/HPPSO_v6.srcs/sources_1/new/compare_social.vhd}}
update_compile_order -fileset sources_1
close [ open {C:/Users/Lucas/OneDrive/21ieee-lucas/FPGA - Xilinx/HPPSO/HPPSO_v6 - Sphere/HPPSO_v6/HPPSO_v6.srcs/sources_1/new/entities.vhd} w ]
add_files {{C:/Users/Lucas/OneDrive/21ieee-lucas/FPGA - Xilinx/HPPSO/HPPSO_v6 - Sphere/HPPSO_v6/HPPSO_v6.srcs/sources_1/new/entities.vhd}}
update_compile_order -fileset sources_1
close [ open {C:/Users/Lucas/OneDrive/21ieee-lucas/FPGA - Xilinx/HPPSO/HPPSO_v6 - Sphere/HPPSO_v6/HPPSO_v6.srcs/sources_1/new/HPPSO_v6.vhd} w ]
add_files {{C:/Users/Lucas/OneDrive/21ieee-lucas/FPGA - Xilinx/HPPSO/HPPSO_v6 - Sphere/HPPSO_v6/HPPSO_v6.srcs/sources_1/new/HPPSO_v6.vhd}}
update_compile_order -fileset sources_1
close [ open {C:/Users/Lucas/OneDrive/21ieee-lucas/FPGA - Xilinx/HPPSO/HPPSO_v6 - Sphere/HPPSO_v6/HPPSO_v6.srcs/sources_1/new/psopack.vhd} w ]
add_files {{C:/Users/Lucas/OneDrive/21ieee-lucas/FPGA - Xilinx/HPPSO/HPPSO_v6 - Sphere/HPPSO_v6/HPPSO_v6.srcs/sources_1/new/psopack.vhd}}
update_compile_order -fileset sources_1
update_compile_order -fileset sources_1
close [ open {C:/Users/Lucas/OneDrive/21ieee-lucas/FPGA - Xilinx/HPPSO/HPPSO_v6 - Sphere/HPPSO_v6/HPPSO_v6.srcs/sources_1/new/inertia.vhd} w ]
add_files {{C:/Users/Lucas/OneDrive/21ieee-lucas/FPGA - Xilinx/HPPSO/HPPSO_v6 - Sphere/HPPSO_v6/HPPSO_v6.srcs/sources_1/new/inertia.vhd}}
update_compile_order -fileset sources_1
update_compile_order -fileset sources_1
close [ open {C:/Users/Lucas/OneDrive/21ieee-lucas/FPGA - Xilinx/HPPSO/HPPSO_v6 - Sphere/HPPSO_v6/HPPSO_v6.srcs/sources_1/new/multiplierfsm_v2.vhd} w ]
add_files {{C:/Users/Lucas/OneDrive/21ieee-lucas/FPGA - Xilinx/HPPSO/HPPSO_v6 - Sphere/HPPSO_v6/HPPSO_v6.srcs/sources_1/new/multiplierfsm_v2.vhd}}
update_compile_order -fileset sources_1
close [ open {C:/Users/Lucas/OneDrive/21ieee-lucas/FPGA - Xilinx/HPPSO/HPPSO_v6 - Sphere/HPPSO_v6/HPPSO_v6.srcs/sources_1/new/particle_ula_v2_sphere.vhd} w ]
add_files {{C:/Users/Lucas/OneDrive/21ieee-lucas/FPGA - Xilinx/HPPSO/HPPSO_v6 - Sphere/HPPSO_v6/HPPSO_v6.srcs/sources_1/new/particle_ula_v2_sphere.vhd}}
update_compile_order -fileset sources_1
update_compile_order -fileset sources_1
close [ open {C:/Users/Lucas/OneDrive/21ieee-lucas/FPGA - Xilinx/HPPSO/HPPSO_v6 - Sphere/HPPSO_v6/HPPSO_v6.srcs/sources_1/new/tent_map_prng.vhd} w ]
add_files {{C:/Users/Lucas/OneDrive/21ieee-lucas/FPGA - Xilinx/HPPSO/HPPSO_v6 - Sphere/HPPSO_v6/HPPSO_v6.srcs/sources_1/new/tent_map_prng.vhd}}
update_compile_order -fileset sources_1
file mkdir C:/Users/Lucas/OneDrive/21ieee-lucas/FPGA - Xilinx/HPPSO/HPPSO_v6 - Sphere/HPPSO_v6/HPPSO_v6.srcs/sim_1/new
file mkdir C:/Users/Lucas/OneDrive/21ieee-lucas/FPGA - Xilinx/HPPSO/HPPSO_v6 - Sphere/HPPSO_v6/HPPSO_v6.srcs/sim_1/new
file mkdir C:/Users/Lucas/OneDrive/21ieee-lucas/FPGA - Xilinx/HPPSO/HPPSO_v6 - Sphere/HPPSO_v6/HPPSO_v6.srcs/sim_1/new
file mkdir C:/Users/Lucas/OneDrive/21ieee-lucas/FPGA - Xilinx/HPPSO/HPPSO_v6 - Sphere/HPPSO_v6/HPPSO_v6.srcs/sim_1/new
file mkdir C:/Users/Lucas/OneDrive/21ieee-lucas/FPGA - Xilinx/HPPSO/HPPSO_v6 - Sphere/HPPSO_v6/HPPSO_v6.srcs/sim_1/new
set_property SOURCE_SET sources_1 [get_filesets sim_1]
file mkdir C:/Users/Lucas/OneDrive/21ieee-lucas/FPGA - Xilinx/HPPSO/HPPSO_v6 - Sphere/HPPSO_v6/HPPSO_v6.srcs/sim_1/new
file mkdir {C:/Users/Lucas/OneDrive/21ieee-lucas/FPGA - Xilinx/HPPSO/HPPSO_v6 - Sphere/HPPSO_v6/HPPSO_v6.srcs/sim_1/new}
close [ open {C:/Users/Lucas/OneDrive/21ieee-lucas/FPGA - Xilinx/HPPSO/HPPSO_v6 - Sphere/HPPSO_v6/HPPSO_v6.srcs/sim_1/new/tb_HPPSO_v6.vhd} w ]
add_files -fileset sim_1 {{C:/Users/Lucas/OneDrive/21ieee-lucas/FPGA - Xilinx/HPPSO/HPPSO_v6 - Sphere/HPPSO_v6/HPPSO_v6.srcs/sim_1/new/tb_HPPSO_v6.vhd}}
update_compile_order -fileset sim_1
update_compile_order -fileset sim_1
file mkdir C:/Users/Lucas/OneDrive/21ieee-lucas/FPGA - Xilinx/HPPSO/HPPSO_v6 - Sphere/HPPSO_v6/HPPSO_v6.srcs/constrs_1
file mkdir C:/Users/Lucas/OneDrive/21ieee-lucas/FPGA - Xilinx/HPPSO/HPPSO_v6 - Sphere/HPPSO_v6/HPPSO_v6.srcs/constrs_1
file mkdir C:/Users/Lucas/OneDrive/21ieee-lucas/FPGA - Xilinx/HPPSO/HPPSO_v6 - Sphere/HPPSO_v6/HPPSO_v6.srcs/constrs_1/new
file mkdir C:/Users/Lucas/OneDrive/21ieee-lucas/FPGA - Xilinx/HPPSO/HPPSO_v6 - Sphere/HPPSO_v6/HPPSO_v6.srcs/constrs_1/new
file mkdir C:/Users/Lucas/OneDrive/21ieee-lucas/FPGA - Xilinx/HPPSO/HPPSO_v6 - Sphere/HPPSO_v6/HPPSO_v6.srcs/constrs_1/new
file mkdir C:/Users/Lucas/OneDrive/21ieee-lucas/FPGA - Xilinx/HPPSO/HPPSO_v6 - Sphere/HPPSO_v6/HPPSO_v6.srcs/constrs_1/new
file mkdir C:/Users/Lucas/OneDrive/21ieee-lucas/FPGA - Xilinx/HPPSO/HPPSO_v6 - Sphere/HPPSO_v6/HPPSO_v6.srcs/constrs_1
file mkdir {C:/Users/Lucas/OneDrive/21ieee-lucas/FPGA - Xilinx/HPPSO/HPPSO_v6 - Sphere/HPPSO_v6/HPPSO_v6.srcs/constrs_1/new}
close [ open {C:/Users/Lucas/OneDrive/21ieee-lucas/FPGA - Xilinx/HPPSO/HPPSO_v6 - Sphere/HPPSO_v6/HPPSO_v6.srcs/constrs_1/new/timing.xdc} w ]
add_files -fileset constrs_1 {{C:/Users/Lucas/OneDrive/21ieee-lucas/FPGA - Xilinx/HPPSO/HPPSO_v6 - Sphere/HPPSO_v6/HPPSO_v6.srcs/constrs_1/new/timing.xdc}}
set_property strategy Flow_PerfOptimized_high [get_runs synth_1]
set_property strategy Performance_Explore [get_runs impl_1]
launch_runs impl_1 -jobs 4
[Wed Nov  3 01:30:36 2021] Launched synth_1...
Run output will be captured here: C:/Users/Lucas/OneDrive/21ieee-lucas/FPGA - Xilinx/HPPSO/HPPSO_v6 - Sphere/HPPSO_v6/HPPSO_v6.runs/synth_1/runme.log
[Wed Nov  3 01:30:36 2021] Launched impl_1...
Run output will be captured here: C:/Users/Lucas/OneDrive/21ieee-lucas/FPGA - Xilinx/HPPSO/HPPSO_v6 - Sphere/HPPSO_v6/HPPSO_v6.runs/impl_1/runme.log
reset_run synth_1
launch_runs impl_1 -jobs 4
[Wed Nov  3 01:42:32 2021] Launched synth_1...
Run output will be captured here: C:/Users/Lucas/OneDrive/21ieee-lucas/FPGA - Xilinx/HPPSO/HPPSO_v6 - Sphere/HPPSO_v6/HPPSO_v6.runs/synth_1/runme.log
[Wed Nov  3 01:42:32 2021] Launched impl_1...
Run output will be captured here: C:/Users/Lucas/OneDrive/21ieee-lucas/FPGA - Xilinx/HPPSO/HPPSO_v6 - Sphere/HPPSO_v6/HPPSO_v6.runs/impl_1/runme.log
reset_run synth_1
launch_runs impl_1 -jobs 4
[Wed Nov  3 01:54:19 2021] Launched synth_1...
Run output will be captured here: C:/Users/Lucas/OneDrive/21ieee-lucas/FPGA - Xilinx/HPPSO/HPPSO_v6 - Sphere/HPPSO_v6/HPPSO_v6.runs/synth_1/runme.log
[Wed Nov  3 01:54:19 2021] Launched impl_1...
Run output will be captured here: C:/Users/Lucas/OneDrive/21ieee-lucas/FPGA - Xilinx/HPPSO/HPPSO_v6 - Sphere/HPPSO_v6/HPPSO_v6.runs/impl_1/runme.log
exit
INFO: [Common 17-206] Exiting Vivado at Wed Nov  3 02:07:06 2021...
