#-----------------------------------------------------------
# Vivado v2019.1 (64-bit)
# SW Build 2552052 on Fri May 24 14:49:42 MDT 2019
# IP Build 2548770 on Fri May 24 18:01:18 MDT 2019
# Start of session at: Mon May 30 01:03:42 2022
# Process ID: 5276
# Current directory: C:/Users/Lucas/OneDrive/21ieee-lucas/FPGA - Xilinx/HPPSO/HPPSO_v6 - Rosenbrock/HPPSO_v6
# Command line: vivado.exe -gui_launcher_event rodinguilauncherevent212 C:\Users\Lucas\OneDrive\21ieee-lucas\FPGA - Xilinx\HPPSO\HPPSO_v6 - Rosenbrock\HPPSO_v6\HPPSO_v6.xpr
# Log file: C:/Users/Lucas/OneDrive/21ieee-lucas/FPGA - Xilinx/HPPSO/HPPSO_v6 - Rosenbrock/HPPSO_v6/vivado.log
# Journal file: C:/Users/Lucas/OneDrive/21ieee-lucas/FPGA - Xilinx/HPPSO/HPPSO_v6 - Rosenbrock/HPPSO_v6\vivado.jou
#-----------------------------------------------------------
start_gui
open_project {C:/Users/Lucas/OneDrive/21ieee-lucas/FPGA - Xilinx/HPPSO/HPPSO_v6 - Rosenbrock/HPPSO_v6/HPPSO_v6.xpr}
INFO: [ProjectBase 1-489] The host OS only allows 260 characters in a normal path. The project is stored in a path with more than 80 characters. If you experience issues with IP, Block Designs, or files not being found, please consider moving the project to a location with a shorter path. Alternately consider using the OS subst command to map part of the path to a drive letter.
Current project path is 'C:/Users/Lucas/OneDrive/21ieee-lucas/FPGA - Xilinx/HPPSO/HPPSO_v6 - Rosenbrock/HPPSO_v6'
Scanning sources...
Finished scanning sources
INFO: [IP_Flow 19-234] Refreshing IP repositories
INFO: [IP_Flow 19-1704] No user IP repositories specified
INFO: [IP_Flow 19-2313] Loaded Vivado IP repository 'C:/Xilinx/Vivado/2019.1/data/ip'.
open_project: Time (s): cpu = 00:00:23 ; elapsed = 00:00:10 . Memory (MB): peak = 825.359 ; gain = 122.520
update_compile_order -fileset sources_1
exit
INFO: [Common 17-206] Exiting Vivado at Mon May 30 03:12:23 2022...
